{"level":"error","message":" Ruta POST/register error al registrar usuario"}
{"level":"error","message":"Ruta GET/failsignup error en signup"}
{"level":"error","message":"server.js error login"}
{"level":"error","message":" Ruta POST/register error al registrar usuario"}
{"level":"error","message":"Ruta GET/failsignup error en signup"}
{"level":"error","message":" Ruta POST/register error al registrar usuario"}
{"level":"error","message":"Ruta GET/failsignup error en signup"}
{"level":"error","message":" Ruta POST/register error al registrar usuario"}
{"level":"error","message":"Ruta GET/failsignup error en signup"}
{"level":"error","message":"Ruta GET/failsignup error en signup"}
{"level":"error","message":" Ruta POST/register error al registrar usuario"}
{"level":"error","message":"Ruta GET/failsignup error en signup"}
{"level":"error","message":" Ruta POST/register error al registrar usuario"}
{"level":"error","message":"Ruta GET/failsignup error en signup"}
{"level":"error","message":" Ruta POST/register error al registrar usuario"}
{"level":"error","message":"Ruta GET/failsignup error en signup"}
{"level":"error","message":" Ruta POST/register error al registrar usuario"}
{"level":"error","message":"Ruta GET/failsignup error en signup"}
{"level":"error","message":"Ruta GET/failsignup error en signup"}
{"level":"error","message":"Ruta GET/failsignup error en signup"}
{"level":"error","message":" Ruta POST/register error al registrar usuario"}
{"level":"error","message":"Ruta GET/failsignup error en signup"}
{"level":"error","message":"Ruta GET/faillogin error en login"}
{"level":"error","message":"Ruta GET/faillogin error en login"}
{"level":"error","message":"Ruta GET/register error en signup"}
{"level":"error","message":"Ruta GET/register error en signup"}
{"level":"error","message":"Ruta GET/failsignup error en signup"}
{"level":"error","message":"Ruta GET/failsignup error en signup"}
{"level":"error","message":"Ruta GET/failsignup error en signup"}
{"level":"error","message":"Ruta GET/failsignup error en signup"}
{"level":"error","message":"Ruta GET/failsignup error en signup"}
{"level":"error","message":"Ruta GET/failsignup error en signup"}
{"level":"error","message":"Ruta GET/failsignup error en signup"}
{"level":"error","message":"Ruta GET/failsignup error en signup"}
{"level":"error","message":"Ruta GET/failsignup error en signup"}
{"level":"error","message":"Ruta GET/failsignup error en signup"}
{"level":"error","message":" Ruta POST/register error al registrar usuario"}
{"level":"error","message":"Ruta GET/failsignup error en signup"}
{"level":"error","message":" Ruta POST/register error al registrar usuario"}
{"level":"error","message":"Ruta GET/failsignup error en signup"}
{"level":"error","message":" Ruta POST/register error al registrar usuario"}
{"level":"error","message":"Ruta GET/failsignup error en signup"}
{"level":"error","message":" Ruta POST/register error al registrar usuario"}
{"level":"error","message":"Ruta GET/failsignup error en signup"}
{"level":"error","message":" Ruta POST/register error al registrar usuario"}
{"level":"error","message":" Ruta POST/register error al registrar usuario"}
{"level":"error","message":" Ruta POST/register error al registrar usuario"}
{"level":"error","message":" Ruta POST/register error al registrar usuario"}
{"level":"error","message":"Ruta GET/failsignup error en signup"}
{"level":"error","message":" Ruta POST/register error al registrar usuario"}
{"level":"error","message":"Ruta GET/failsignup error en signup"}
{"level":"error","message":" Ruta POST/register error al registrar usuario"}
{"level":"error","message":"Ruta GET/failsignup error en signup"}
{"level":"error","message":"Ruta GET/failsignup error en signup"}
{"level":"error","message":"Ruta GET/failsignup error en signup"}
{"level":"error","message":"Ruta GET/failsignup error en signup"}
{"level":"error","message":" Ruta POST/register error al registrar usuario"}
{"level":"error","message":"Ruta GET/failsignup error en signup"}
{"level":"error","message":"Ruta GET/faillogin error en login"}
{"level":"error","message":"Ruta GET/faillogin error en login"}
