{"level":"warn","message":"Ruta GET/favicon.ico no existe"}
{"level":"error","message":" Ruta POST/register error al registrar usuario"}
{"level":"error","message":"Ruta GET/failsignup error en signup"}
{"level":"error","message":"server.js error login"}
{"level":"error","message":" Ruta POST/register error al registrar usuario"}
{"level":"error","message":"Ruta GET/failsignup error en signup"}
{"level":"error","message":" Ruta POST/register error al registrar usuario"}
{"level":"error","message":"Ruta GET/failsignup error en signup"}
{"level":"error","message":" Ruta POST/register error al registrar usuario"}
{"level":"error","message":"Ruta GET/failsignup error en signup"}
{"level":"error","message":"Ruta GET/failsignup error en signup"}
{"level":"error","message":" Ruta POST/register error al registrar usuario"}
{"level":"error","message":"Ruta GET/failsignup error en signup"}
{"level":"warn","message":"Ruta GET/registrer no existe"}
{"level":"error","message":" Ruta POST/register error al registrar usuario"}
{"level":"error","message":"Ruta GET/failsignup error en signup"}
{"level":"error","message":" Ruta POST/register error al registrar usuario"}
{"level":"error","message":"Ruta GET/failsignup error en signup"}
{"level":"error","message":" Ruta POST/register error al registrar usuario"}
{"level":"error","message":"Ruta GET/failsignup error en signup"}
{"level":"error","message":"Ruta GET/failsignup error en signup"}
{"level":"error","message":"Ruta GET/failsignup error en signup"}
{"level":"error","message":" Ruta POST/register error al registrar usuario"}
{"level":"error","message":"Ruta GET/failsignup error en signup"}
{"level":"warn","message":"Ruta GET/favicon.ico no existe"}
{"level":"error","message":"Ruta GET/faillogin error en login"}
{"level":"warn","message":"Ruta GET/registrer no existe"}
{"level":"error","message":"Ruta GET/faillogin error en login"}
{"level":"error","message":"Ruta GET/register error en signup"}
{"level":"error","message":"Ruta GET/register error en signup"}
{"level":"error","message":"Ruta GET/failsignup error en signup"}
{"level":"error","message":"Ruta GET/failsignup error en signup"}
{"level":"error","message":"Ruta GET/failsignup error en signup"}
{"level":"error","message":"Ruta GET/failsignup error en signup"}
{"level":"error","message":"Ruta GET/failsignup error en signup"}
{"level":"error","message":"Ruta GET/failsignup error en signup"}
{"level":"error","message":"Ruta GET/failsignup error en signup"}
{"level":"error","message":"Ruta GET/failsignup error en signup"}
{"level":"error","message":"Ruta GET/failsignup error en signup"}
{"level":"error","message":"Ruta GET/failsignup error en signup"}
{"level":"error","message":" Ruta POST/register error al registrar usuario"}
{"level":"error","message":"Ruta GET/failsignup error en signup"}
{"level":"error","message":" Ruta POST/register error al registrar usuario"}
{"level":"error","message":"Ruta GET/failsignup error en signup"}
{"level":"error","message":" Ruta POST/register error al registrar usuario"}
{"level":"error","message":"Ruta GET/failsignup error en signup"}
{"level":"error","message":" Ruta POST/register error al registrar usuario"}
{"level":"error","message":"Ruta GET/failsignup error en signup"}
{"level":"error","message":" Ruta POST/register error al registrar usuario"}
{"level":"error","message":" Ruta POST/register error al registrar usuario"}
{"level":"error","message":" Ruta POST/register error al registrar usuario"}
{"level":"error","message":" Ruta POST/register error al registrar usuario"}
{"level":"error","message":"Ruta GET/failsignup error en signup"}
{"level":"warn","message":"Ruta GET/favicon.ico no existe"}
{"level":"error","message":" Ruta POST/register error al registrar usuario"}
{"level":"error","message":"Ruta GET/failsignup error en signup"}
{"level":"error","message":" Ruta POST/register error al registrar usuario"}
{"level":"error","message":"Ruta GET/failsignup error en signup"}
{"level":"error","message":"Ruta GET/failsignup error en signup"}
{"level":"error","message":"Ruta GET/failsignup error en signup"}
{"level":"error","message":"Ruta GET/failsignup error en signup"}
{"level":"error","message":" Ruta POST/register error al registrar usuario"}
{"level":"error","message":"Ruta GET/failsignup error en signup"}
{"level":"warn","message":"Ruta GET/favicon.ico no existe"}
{"level":"warn","message":"Ruta GET/avatars/pruebacopia.png no existe"}
{"level":"warn","message":"Ruta GET/avatars/pruebacopia.png no existe"}
{"level":"error","message":"Ruta GET/faillogin error en login"}
{"level":"error","message":"Ruta GET/faillogin error en login"}
{"level":"warn","message":"Ruta GET/registrer no existe"}
{"level":"warn","message":"Ruta GET/favicon.ico no existe"}
{"level":"warn","message":"Ruta GET/favicon.ico no existe"}
{"level":"warn","message":"Ruta GET/favicon.ico no existe"}
{"level":"warn","message":"Ruta GET/favicon.ico no existe"}
{"level":"warn","message":"Ruta GET/favicon.ico no existe"}
{"level":"warn","message":"Ruta GET/favicon.ico no existe"}
{"level":"warn","message":"Ruta GET/favicon.ico no existe"}
{"level":"warn","message":"Ruta GET/favicon.ico no existe"}
{"level":"warn","message":"Ruta GET/favicon.ico no existe"}
{"level":"warn","message":"Ruta GET/favicon.ico no existe"}
{"level":"warn","message":"Ruta GET/favicon.ico no existe"}
{"level":"warn","message":"Ruta GET/favicon.ico no existe"}
{"level":"warn","message":"Ruta GET/favicon.ico no existe"}
{"level":"warn","message":"Ruta GET/favicon.ico no existe"}
{"level":"warn","message":"Ruta GET/client.socket.js no existe"}
{"level":"warn","message":"Ruta GET/client.socket.js no existe"}
{"level":"warn","message":"Ruta GET/client.socket.js no existe"}
{"level":"warn","message":"Ruta GET/client.socket.js no existe"}
{"level":"warn","message":"Ruta GET/script.js no existe"}
{"level":"warn","message":"Ruta GET/jhkhj no existe"}
{"level":"warn","message":"Ruta GET/asd no existe"}
{"level":"warn","message":"Ruta GET/wwww no existe"}
{"level":"warn","message":"Ruta GET/asd no existe"}
{"level":"warn","message":"Ruta GET/jhkhj no existe"}
{"level":"warn","message":"Ruta GET/asd no existe"}
{"level":"warn","message":"Ruta GET/wwww no existe"}
{"level":"warn","message":"Ruta GET/asd no existe"}
{"level":"warn","message":"Ruta GET/jhkhj no existe"}
{"level":"warn","message":"Ruta GET/asd no existe"}
{"level":"warn","message":"Ruta GET/wwww no existe"}
{"level":"warn","message":"Ruta GET/jhkhj no existe"}
{"level":"warn","message":"Ruta GET/dadlsald no existe"}
{"level":"warn","message":"Ruta GET/asd no existe"}
{"level":"warn","message":"Ruta GET/wwww no existe"}
{"level":"warn","message":"Ruta GET/asd no existe"}
{"level":"warn","message":"Ruta GET/jhkhj no existe"}
{"level":"warn","message":"Ruta GET/asd no existe"}
{"level":"warn","message":"Ruta GET/dadlsald no existe"}
{"level":"warn","message":"Ruta GET/wwww no existe"}
{"level":"warn","message":"Ruta GET/asd no existe"}
{"level":"warn","message":"Ruta GET/jhkhj no existe"}
{"level":"warn","message":"Ruta GET/asd no existe"}
{"level":"warn","message":"Ruta GET/wwww no existe"}
{"level":"warn","message":"Ruta GET/dadlsald no existe"}
{"level":"warn","message":"Ruta GET/jhkhj no existe"}
{"level":"warn","message":"Ruta GET/asd no existe"}
{"level":"warn","message":"Ruta GET/wwww no existe"}
{"level":"warn","message":"Ruta GET/dadlsald no existe"}
{"level":"warn","message":"Ruta GET/jhkhj no existe"}
{"level":"warn","message":"Ruta GET/asd no existe"}
{"level":"warn","message":"Ruta GET/wwww no existe"}
{"level":"warn","message":"Ruta GET/dadlsald no existe"}
{"level":"warn","message":"Ruta GET/jhkhj no existe"}
{"level":"warn","message":"Ruta GET/asd no existe"}
{"level":"warn","message":"Ruta GET/wwww no existe"}
{"level":"warn","message":"Ruta GET/dadlsald no existe"}
{"level":"warn","message":"Ruta GET/jhkhj no existe"}
{"level":"warn","message":"Ruta GET/asd no existe"}
{"level":"warn","message":"Ruta GET/wwww no existe"}
{"level":"warn","message":"Ruta GET/dadlsald no existe"}
{"level":"warn","message":"Ruta GET/jhkhj no existe"}
{"level":"warn","message":"Ruta GET/asd no existe"}
{"level":"warn","message":"Ruta GET/wwww no existe"}
{"level":"warn","message":"Ruta GET/dadlsald no existe"}
{"level":"warn","message":"Ruta GET/jhkhj no existe"}
{"level":"warn","message":"Ruta GET/asd no existe"}
{"level":"warn","message":"Ruta GET/wwww no existe"}
{"level":"warn","message":"Ruta GET/dadlsald no existe"}
{"level":"warn","message":"Ruta GET/jhkhj no existe"}
{"level":"warn","message":"Ruta GET/asd no existe"}
{"level":"warn","message":"Ruta GET/wwww no existe"}
{"level":"warn","message":"Ruta GET/dadlsald no existe"}
{"level":"warn","message":"Ruta GET/jhkhj no existe"}
{"level":"warn","message":"Ruta GET/asd no existe"}
{"level":"warn","message":"Ruta GET/wwww no existe"}
{"level":"warn","message":"Ruta GET/dadlsald no existe"}
{"level":"warn","message":"Ruta GET/asd no existe"}
{"level":"warn","message":"Ruta GET/jhkhj no existe"}
{"level":"warn","message":"Ruta GET/asd no existe"}
{"level":"warn","message":"Ruta GET/wwww no existe"}
{"level":"warn","message":"Ruta GET/dadlsald no existe"}
{"level":"warn","message":"Ruta GET/asd no existe"}
{"level":"warn","message":"Ruta GET/jhkhj no existe"}
{"level":"warn","message":"Ruta GET/asd no existe"}
{"level":"warn","message":"Ruta GET/wwww no existe"}
{"level":"warn","message":"Ruta GET/dadlsald no existe"}
{"level":"warn","message":"Ruta GET/jhkhj no existe"}
{"level":"warn","message":"Ruta GET/asd no existe"}
{"level":"warn","message":"Ruta GET/dadlsald no existe"}
{"level":"warn","message":"Ruta GET/wwww no existe"}
{"level":"warn","message":"Ruta GET/asd no existe"}
{"level":"warn","message":"Ruta GET/jhkhj no existe"}
{"level":"warn","message":"Ruta GET/asd no existe"}
{"level":"warn","message":"Ruta GET/wwww no existe"}
{"level":"warn","message":"Ruta GET/dadlsald no existe"}
{"level":"warn","message":"Ruta GET/asd no existe"}
{"level":"warn","message":"Ruta GET/jhkhj no existe"}
{"level":"warn","message":"Ruta GET/asd no existe"}
{"level":"warn","message":"Ruta GET/wwww no existe"}
{"level":"warn","message":"Ruta GET/dadlsald no existe"}
{"level":"warn","message":"Ruta GET/asd no existe"}
{"level":"warn","message":"Ruta GET/jhkhj no existe"}
{"level":"warn","message":"Ruta GET/dadlsald no existe"}
{"level":"warn","message":"Ruta GET/asd no existe"}
{"level":"warn","message":"Ruta GET/wwww no existe"}
{"level":"warn","message":"Ruta GET/asd no existe"}
{"level":"warn","message":"Ruta GET/jhkhj no existe"}
{"level":"warn","message":"Ruta GET/asd no existe"}
{"level":"warn","message":"Ruta GET/wwww no existe"}
{"level":"warn","message":"Ruta GET/dadlsald no existe"}
{"level":"warn","message":"Ruta GET/jhkhj no existe"}
{"level":"warn","message":"Ruta GET/asd no existe"}
{"level":"warn","message":"Ruta GET/wwww no existe"}
{"level":"warn","message":"Ruta GET/dadlsald no existe"}
{"level":"warn","message":"Ruta GET/jhkhj no existe"}
{"level":"warn","message":"Ruta GET/asd no existe"}
{"level":"warn","message":"Ruta GET/wwww no existe"}
{"level":"warn","message":"Ruta GET/dadlsald no existe"}
{"level":"warn","message":"Ruta GET/asd no existe"}
{"level":"warn","message":"Ruta GET/jhkhj no existe"}
{"level":"warn","message":"Ruta GET/asd no existe"}
{"level":"warn","message":"Ruta GET/wwww no existe"}
{"level":"warn","message":"Ruta GET/dadlsald no existe"}
{"level":"warn","message":"Ruta GET/jhkhj no existe"}
{"level":"warn","message":"Ruta GET/asd no existe"}
{"level":"warn","message":"Ruta GET/wwww no existe"}
{"level":"warn","message":"Ruta GET/dadlsald no existe"}
{"level":"warn","message":"Ruta GET/asd no existe"}
{"level":"warn","message":"Ruta GET/jhkhj no existe"}
{"level":"warn","message":"Ruta GET/asd no existe"}
{"level":"warn","message":"Ruta GET/wwww no existe"}
{"level":"warn","message":"Ruta GET/dadlsald no existe"}
{"level":"warn","message":"Ruta GET/jhkhj no existe"}
{"level":"warn","message":"Ruta GET/asd no existe"}
{"level":"warn","message":"Ruta GET/wwww no existe"}
{"level":"warn","message":"Ruta GET/dadlsald no existe"}
{"level":"warn","message":"Ruta GET/jhkhj no existe"}
{"level":"warn","message":"Ruta GET/asd no existe"}
{"level":"warn","message":"Ruta GET/wwww no existe"}
{"level":"warn","message":"Ruta GET/dadlsald no existe"}
{"level":"warn","message":"Ruta GET/jhkhj no existe"}
{"level":"warn","message":"Ruta GET/asd no existe"}
{"level":"warn","message":"Ruta GET/wwww no existe"}
{"level":"warn","message":"Ruta GET/dadlsald no existe"}
{"level":"warn","message":"Ruta GET/jhkhj no existe"}
{"level":"warn","message":"Ruta GET/asd no existe"}
{"level":"warn","message":"Ruta GET/wwww no existe"}
{"level":"warn","message":"Ruta GET/dadlsald no existe"}
{"level":"warn","message":"Ruta GET/jhkhj no existe"}
{"level":"warn","message":"Ruta GET/asd no existe"}
{"level":"warn","message":"Ruta GET/wwww no existe"}
{"level":"warn","message":"Ruta GET/dadlsald no existe"}
{"level":"warn","message":"Ruta GET/jhkhj no existe"}
{"level":"warn","message":"Ruta GET/asd no existe"}
{"level":"warn","message":"Ruta GET/wwww no existe"}
{"level":"warn","message":"Ruta GET/dadlsald no existe"}
{"level":"warn","message":"Ruta GET/asd no existe"}
{"level":"warn","message":"Ruta GET/favicon.ico no existe"}
{"level":"warn","message":"Ruta GET/dadlsald no existe"}
{"level":"warn","message":"Ruta GET/jhkhj no existe"}
{"level":"warn","message":"Ruta GET/asd no existe"}
{"level":"warn","message":"Ruta GET/wwww no existe"}
{"level":"warn","message":"Ruta GET/dadlsald no existe"}
{"level":"warn","message":"Ruta GET/asd no existe"}
{"level":"warn","message":"Ruta GET/jhkhj no existe"}
{"level":"warn","message":"Ruta GET/asd no existe"}
{"level":"warn","message":"Ruta GET/wwww no existe"}
{"level":"warn","message":"Ruta GET/dadlsald no existe"}
{"level":"warn","message":"Ruta GET/asd no existe"}
{"level":"warn","message":"Ruta GET/jhkhj no existe"}
{"level":"warn","message":"Ruta GET/asd no existe"}
{"level":"warn","message":"Ruta GET/wwww no existe"}
{"level":"warn","message":"Ruta GET/dadlsald no existe"}
{"level":"warn","message":"Ruta GET/asd no existe"}
{"level":"warn","message":"Ruta GET/jhkhj no existe"}
{"level":"warn","message":"Ruta GET/asd no existe"}
{"level":"warn","message":"Ruta GET/wwww no existe"}
{"level":"warn","message":"Ruta GET/dadlsald no existe"}
{"level":"warn","message":"Ruta GET/jhkhj no existe"}
{"level":"warn","message":"Ruta GET/wwww no existe"}
{"level":"warn","message":"Ruta GET/asd no existe"}
{"level":"warn","message":"Ruta GET/dadlsald no existe"}
{"level":"warn","message":"Ruta GET/jhkhj no existe"}
{"level":"warn","message":"Ruta GET/asd no existe"}
{"level":"warn","message":"Ruta GET/wwww no existe"}
{"level":"warn","message":"Ruta GET/dadlsald no existe"}
{"level":"warn","message":"Ruta GET/jhkhj no existe"}
{"level":"warn","message":"Ruta GET/asd no existe"}
{"level":"warn","message":"Ruta GET/wwww no existe"}
{"level":"warn","message":"Ruta GET/dadlsald no existe"}
{"level":"warn","message":"Ruta GET/jhkhj no existe"}
{"level":"warn","message":"Ruta GET/asd no existe"}
{"level":"warn","message":"Ruta GET/wwww no existe"}
{"level":"warn","message":"Ruta GET/dadlsald no existe"}
{"level":"warn","message":"Ruta GET/jhkhj no existe"}
{"level":"warn","message":"Ruta GET/wwww no existe"}
{"level":"warn","message":"Ruta GET/asd no existe"}
{"level":"warn","message":"Ruta GET/dadlsald no existe"}
{"level":"warn","message":"Ruta GET/jhkhj no existe"}
{"level":"warn","message":"Ruta GET/asd no existe"}
{"level":"warn","message":"Ruta GET/wwww no existe"}
{"level":"warn","message":"Ruta GET/dadlsald no existe"}
{"level":"warn","message":"Ruta GET/jhkhj no existe"}
{"level":"warn","message":"Ruta GET/asd no existe"}
{"level":"warn","message":"Ruta GET/wwww no existe"}
{"level":"warn","message":"Ruta GET/dadlsald no existe"}
{"level":"warn","message":"Ruta GET/jhkhj no existe"}
{"level":"warn","message":"Ruta GET/asd no existe"}
{"level":"warn","message":"Ruta GET/wwww no existe"}
{"level":"warn","message":"Ruta GET/dadlsald no existe"}
{"level":"warn","message":"Ruta GET/jhkhj no existe"}
{"level":"warn","message":"Ruta GET/asd no existe"}
{"level":"warn","message":"Ruta GET/wwww no existe"}
{"level":"warn","message":"Ruta GET/dadlsald no existe"}
{"level":"warn","message":"Ruta GET/jhkhj no existe"}
{"level":"warn","message":"Ruta GET/asd no existe"}
{"level":"warn","message":"Ruta GET/wwww no existe"}
{"level":"warn","message":"Ruta GET/dadlsald no existe"}
{"level":"warn","message":"Ruta GET/jhkhj no existe"}
{"level":"warn","message":"Ruta GET/asd no existe"}
{"level":"warn","message":"Ruta GET/wwww no existe"}
{"level":"warn","message":"Ruta GET/dadlsald no existe"}
{"level":"warn","message":"Ruta GET/jhkhj no existe"}
{"level":"warn","message":"Ruta GET/asd no existe"}
{"level":"warn","message":"Ruta GET/wwww no existe"}
{"level":"warn","message":"Ruta GET/dadlsald no existe"}
{"level":"warn","message":"Ruta GET/jhkhj no existe"}
{"level":"warn","message":"Ruta GET/asd no existe"}
{"level":"warn","message":"Ruta GET/wwww no existe"}
{"level":"warn","message":"Ruta GET/dadlsald no existe"}
{"level":"warn","message":"Ruta GET/jhkhj no existe"}
{"level":"warn","message":"Ruta GET/asd no existe"}
{"level":"warn","message":"Ruta GET/wwww no existe"}
{"level":"warn","message":"Ruta GET/dadlsald no existe"}
{"level":"warn","message":"Ruta GET/asd no existe"}
{"level":"warn","message":"Ruta GET/jhkhj no existe"}
{"level":"warn","message":"Ruta GET/asd no existe"}
{"level":"warn","message":"Ruta GET/wwww no existe"}
{"level":"warn","message":"Ruta GET/dadlsald no existe"}
{"level":"warn","message":"Ruta GET/jhkhj no existe"}
{"level":"warn","message":"Ruta GET/asd no existe"}
{"level":"warn","message":"Ruta GET/wwww no existe"}
{"level":"warn","message":"Ruta GET/dadlsald no existe"}
{"level":"warn","message":"Ruta GET/jhkhj no existe"}
{"level":"warn","message":"Ruta GET/asd no existe"}
{"level":"warn","message":"Ruta GET/wwww no existe"}
{"level":"warn","message":"Ruta GET/dadlsald no existe"}
{"level":"warn","message":"Ruta GET/asd no existe"}
{"level":"warn","message":"Ruta GET/jhkhj no existe"}
{"level":"warn","message":"Ruta GET/asd no existe"}
{"level":"warn","message":"Ruta GET/wwww no existe"}
{"level":"warn","message":"Ruta GET/dadlsald no existe"}
{"level":"warn","message":"Ruta GET/asd no existe"}
{"level":"warn","message":"Ruta GET/jhkhj no existe"}
{"level":"warn","message":"Ruta GET/asd no existe"}
{"level":"warn","message":"Ruta GET/wwww no existe"}
{"level":"warn","message":"Ruta GET/dadlsald no existe"}
{"level":"warn","message":"Ruta GET/jhkhj no existe"}
{"level":"warn","message":"Ruta GET/asd no existe"}
{"level":"warn","message":"Ruta GET/wwww no existe"}
{"level":"warn","message":"Ruta GET/dadlsald no existe"}
{"level":"warn","message":"Ruta GET/jhkhj no existe"}
{"level":"warn","message":"Ruta GET/asd no existe"}
{"level":"warn","message":"Ruta GET/wwww no existe"}
{"level":"warn","message":"Ruta GET/dadlsald no existe"}
{"level":"warn","message":"Ruta GET/jhkhj no existe"}
{"level":"warn","message":"Ruta GET/asd no existe"}
{"level":"warn","message":"Ruta GET/wwww no existe"}
{"level":"warn","message":"Ruta GET/dadlsald no existe"}
{"level":"warn","message":"Ruta GET/asd no existe"}
{"level":"warn","message":"Ruta GET/jhkhj no existe"}
{"level":"warn","message":"Ruta GET/asd no existe"}
{"level":"warn","message":"Ruta GET/wwww no existe"}
{"level":"warn","message":"Ruta GET/dadlsald no existe"}
{"level":"warn","message":"Ruta GET/jhkhj no existe"}
{"level":"warn","message":"Ruta GET/asd no existe"}
{"level":"warn","message":"Ruta GET/wwww no existe"}
{"level":"warn","message":"Ruta GET/dadlsald no existe"}
{"level":"warn","message":"Ruta GET/asd no existe"}
{"level":"warn","message":"Ruta GET/jhkhj no existe"}
{"level":"warn","message":"Ruta GET/asd no existe"}
{"level":"warn","message":"Ruta GET/wwww no existe"}
{"level":"warn","message":"Ruta GET/dadlsald no existe"}
{"level":"warn","message":"Ruta GET/jhkhj no existe"}
{"level":"warn","message":"Ruta GET/asd no existe"}
{"level":"warn","message":"Ruta GET/wwww no existe"}
{"level":"warn","message":"Ruta GET/dadlsald no existe"}
{"level":"warn","message":"Ruta GET/jhkhj no existe"}
{"level":"warn","message":"Ruta GET/asd no existe"}
{"level":"warn","message":"Ruta GET/wwww no existe"}
{"level":"warn","message":"Ruta GET/dadlsald no existe"}
{"level":"warn","message":"Ruta GET/asd no existe"}
{"level":"warn","message":"Ruta GET/jhkhj no existe"}
{"level":"warn","message":"Ruta GET/asd no existe"}
{"level":"warn","message":"Ruta GET/wwww no existe"}
{"level":"warn","message":"Ruta GET/dadlsald no existe"}
{"level":"warn","message":"Ruta GET/jhkhj no existe"}
{"level":"warn","message":"Ruta GET/asd no existe"}
{"level":"warn","message":"Ruta GET/wwww no existe"}
{"level":"warn","message":"Ruta GET/dadlsald no existe"}
{"level":"warn","message":"Ruta GET/asd no existe"}
{"level":"warn","message":"Ruta GET/jhkhj no existe"}
{"level":"warn","message":"Ruta GET/asd no existe"}
{"level":"warn","message":"Ruta GET/wwww no existe"}
{"level":"warn","message":"Ruta GET/dadlsald no existe"}
{"level":"warn","message":"Ruta GET/jhkhj no existe"}
{"level":"warn","message":"Ruta GET/asd no existe"}
{"level":"warn","message":"Ruta GET/wwww no existe"}
{"level":"warn","message":"Ruta GET/dadlsald no existe"}
{"level":"warn","message":"Ruta GET/jhkhj no existe"}
{"level":"warn","message":"Ruta GET/asd no existe"}
{"level":"warn","message":"Ruta GET/wwww no existe"}
{"level":"warn","message":"Ruta GET/dadlsald no existe"}
{"level":"warn","message":"Ruta GET/jhkhj no existe"}
{"level":"warn","message":"Ruta GET/asd no existe"}
{"level":"warn","message":"Ruta GET/wwww no existe"}
{"level":"warn","message":"Ruta GET/dadlsald no existe"}
{"level":"warn","message":"Ruta GET/jhkhj no existe"}
{"level":"warn","message":"Ruta GET/asd no existe"}
{"level":"warn","message":"Ruta GET/wwww no existe"}
{"level":"warn","message":"Ruta GET/dadlsald no existe"}
{"level":"warn","message":"Ruta GET/jhkhj no existe"}
{"level":"warn","message":"Ruta GET/asd no existe"}
{"level":"warn","message":"Ruta GET/wwww no existe"}
{"level":"warn","message":"Ruta GET/dadlsald no existe"}
{"level":"warn","message":"Ruta GET/asd no existe"}
{"level":"warn","message":"Ruta GET/jhkhj no existe"}
{"level":"warn","message":"Ruta GET/asd no existe"}
{"level":"warn","message":"Ruta GET/wwww no existe"}
{"level":"warn","message":"Ruta GET/dadlsald no existe"}
{"level":"warn","message":"Ruta GET/jhkhj no existe"}
{"level":"warn","message":"Ruta GET/asd no existe"}
{"level":"warn","message":"Ruta GET/wwww no existe"}
{"level":"warn","message":"Ruta GET/dadlsald no existe"}
{"level":"warn","message":"Ruta GET/jhkhj no existe"}
{"level":"warn","message":"Ruta GET/asd no existe"}
{"level":"warn","message":"Ruta GET/wwww no existe"}
{"level":"warn","message":"Ruta GET/dadlsald no existe"}
{"level":"warn","message":"Ruta GET/jhkhj no existe"}
{"level":"warn","message":"Ruta GET/asd no existe"}
{"level":"warn","message":"Ruta GET/wwww no existe"}
{"level":"warn","message":"Ruta GET/dadlsald no existe"}
{"level":"warn","message":"Ruta GET/jhkhj no existe"}
{"level":"warn","message":"Ruta GET/asd no existe"}
{"level":"warn","message":"Ruta GET/wwww no existe"}
{"level":"warn","message":"Ruta GET/dadlsald no existe"}
{"level":"warn","message":"Ruta GET/jhkhj no existe"}
{"level":"warn","message":"Ruta GET/asd no existe"}
{"level":"warn","message":"Ruta GET/wwww no existe"}
{"level":"warn","message":"Ruta GET/dadlsald no existe"}
{"level":"warn","message":"Ruta GET/jhkhj no existe"}
{"level":"warn","message":"Ruta GET/asd no existe"}
{"level":"warn","message":"Ruta GET/wwww no existe"}
{"level":"warn","message":"Ruta GET/dadlsald no existe"}
{"level":"warn","message":"Ruta GET/jhkhj no existe"}
{"level":"warn","message":"Ruta GET/asd no existe"}
{"level":"warn","message":"Ruta GET/wwww no existe"}
{"level":"warn","message":"Ruta GET/dadlsald no existe"}
{"level":"warn","message":"Ruta GET/jhkhj no existe"}
{"level":"warn","message":"Ruta GET/asd no existe"}
{"level":"warn","message":"Ruta GET/wwww no existe"}
{"level":"warn","message":"Ruta GET/dadlsald no existe"}
